Using pre-set license
Built from '2022.1/staging' branch; Version is '2022.1.6f1 (e49a51cf6290) revision 14981713'; Using compiler version '192829333'; Build Type 'Release'
OS: 'Windows 11  (10.0.22000) 64bit Professional' Language: 'ru' Physical Memory: 15743 MB
BatchMode: 1, IsHumanControllingUs: 0, StartBugReporterOnCrash: 0, Is64bit: 1, IsPro: 1

COMMAND LINE ARGUMENTS:
C:\Program Files\Unity\Hub\Editor\2022.1.6f1\Editor\Unity.exe
-adb2
-batchMode
-noUpm
-name
AssetImportWorker0
-projectPath
C:/Users/super/Downloads/Strategy
-logFile
Logs/AssetImportWorker0.log
-srvPort
53432
Successfully changed project path to: C:/Users/super/Downloads/Strategy
C:/Users/super/Downloads/Strategy
[UnityMemory] Configuration Parameters - Can be set up in boot.config
    "memorysetup-bucket-allocator-granularity=16"
    "memorysetup-bucket-allocator-bucket-count=8"
    "memorysetup-bucket-allocator-block-size=33554432"
    "memorysetup-bucket-allocator-block-count=8"
    "memorysetup-main-allocator-block-size=16777216"
    "memorysetup-thread-allocator-block-size=16777216"
    "memorysetup-gfx-main-allocator-block-size=16777216"
    "memorysetup-gfx-thread-allocator-block-size=16777216"
    "memorysetup-cache-allocator-block-size=4194304"
    "memorysetup-typetree-allocator-block-size=2097152"
    "memorysetup-profiler-bucket-allocator-granularity=16"
    "memorysetup-profiler-bucket-allocator-bucket-count=8"
    "memorysetup-profiler-bucket-allocator-block-size=33554432"
    "memorysetup-profiler-bucket-allocator-block-count=8"
    "memorysetup-profiler-allocator-block-size=16777216"
    "memorysetup-profiler-editor-allocator-block-size=1048576"
    "memorysetup-temp-allocator-size-main=16777216"
    "memorysetup-job-temp-allocator-block-size=2097152"
    "memorysetup-job-temp-allocator-block-size-background=1048576"
    "memorysetup-job-temp-allocator-reduction-small-platforms=262144"
    "memorysetup-temp-allocator-size-background-worker=32768"
    "memorysetup-temp-allocator-size-job-worker=262144"
    "memorysetup-temp-allocator-size-preload-manager=33554432"
    "memorysetup-temp-allocator-size-nav-mesh-worker=65536"
    "memorysetup-temp-allocator-size-audio-worker=65536"
    "memorysetup-temp-allocator-size-cloud-worker=32768"
    "memorysetup-temp-allocator-size-gi-baking-worker=262144"
    "memorysetup-temp-allocator-size-gfx=262144"
Refreshing native plugins compatible for Editor in 89.60 ms, found 3 plugins.
Preloading 0 native plugins for Editor in 0.00 ms.
Initialize engine version: 2022.1.6f1 (e49a51cf6290)
[Subsystems] Discovering subsystems at path C:/Program Files/Unity/Hub/Editor/2022.1.6f1/Editor/Data/Resources/UnitySubsystems
[Subsystems] Discovering subsystems at path C:/Users/super/Downloads/Strategy/Assets
GfxDevice: creating device client; threaded=0; jobified=0
Direct3D:
    Version:  Direct3D 11.0 [level 11.1]
    Renderer: NVIDIA GeForce GTX 1060 6GB (ID=0x1c03)
    Vendor:   NVIDIA
    VRAM:     6052 MB
    Driver:   30.0.15.1295
Initialize mono
Mono path[0] = 'C:/Program Files/Unity/Hub/Editor/2022.1.6f1/Editor/Data/Managed'
Mono path[1] = 'C:/Program Files/Unity/Hub/Editor/2022.1.6f1/Editor/Data/MonoBleedingEdge/lib/mono/unityjit-win32'
Mono config path = 'C:/Program Files/Unity/Hub/Editor/2022.1.6f1/Editor/Data/MonoBleedingEdge/etc'
Using monoOptions --debugger-agent=transport=dt_socket,embedding=1,server=y,suspend=n,address=127.0.0.1:56076
Begin MonoManager ReloadAssembly
Registering precompiled unity dll's ...
Register platform support module: C:/Program Files/Unity/Hub/Editor/2022.1.6f1/Editor/Data/PlaybackEngines/AndroidPlayer/UnityEditor.Android.Extensions.dll
Register platform support module: C:/Program Files/Unity/Hub/Editor/2022.1.6f1/Editor/Data/PlaybackEngines/iOSSupport/UnityEditor.iOS.Extensions.dll
Register platform support module: C:/Program Files/Unity/Hub/Editor/2022.1.6f1/Editor/Data/PlaybackEngines/WindowsStandaloneSupport/UnityEditor.WindowsStandalone.Extensions.dll
Registered in 0.004368 seconds.
Native extension for WindowsStandalone target not found
[usbmuxd] Start listen thread
[usbmuxd] Listen thread started
[usbmuxd] Send listen message
Native extension for iOS target not found
Native extension for Android target not found
Refreshing native plugins compatible for Editor in 75.13 ms, found 3 plugins.
Preloading 0 native plugins for Editor in 0.00 ms.
Mono: successfully reloaded assembly
- Completed reload, in  0.586 seconds
Domain Reload Profiling:
	ReloadAssembly (587ms)
		BeginReloadAssembly (63ms)
			ExecutionOrderSort (0ms)
			DisableScriptedObjects (0ms)
			BackupInstance (0ms)
			ReleaseScriptingObjects (0ms)
			CreateAndSetChildDomain (1ms)
		EndReloadAssembly (431ms)
			LoadAssemblies (61ms)
			RebuildTransferFunctionScriptingTraits (0ms)
			SetupTypeCache (91ms)
				TypeCache.Initialize (90ms)
					TypeCache.ScanAssembly (89ms)
				ResolveRequiredComponents (0ms)
			ReleaseScriptCaches (0ms)
			RebuildScriptCaches (26ms)
			SetupLoadedEditorAssemblies (270ms)
				LogAssemblyErrors (0ms)
				InitializePlatformSupportModulesInManaged (51ms)
				SetLoadedEditorAssemblies (8ms)
				RefreshPlugins (75ms)
				BeforeProcessingInitializeOnLoad (1ms)
				ProcessInitializeOnLoadAttributes (93ms)
				ProcessInitializeOnLoadMethodAttributes (40ms)
				AfterProcessingInitializeOnLoad (0ms)
				EditorAssembliesLoaded (0ms)
			ExecutionOrderSort2 (0ms)
			AwakeInstancesAfterBackupRestoration (0ms)
Platform modules already initialized, skipping
Registering precompiled user dll's ...
Registered in 0.005460 seconds.
Begin MonoManager ReloadAssembly
Symbol file LoadedFromMemory doesn't match image C:\Users\super\Downloads\Strategy\Library\PackageCache\com.unity.visualscripting@1.7.8\Editor\VisualScripting.Core\Dependencies\YamlDotNet\Unity.VisualScripting.YamlDotNet.dll
Symbol file LoadedFromMemory doesn't match image C:\Users\super\Downloads\Strategy\Library\PackageCache\com.unity.visualscripting@1.7.8\Editor\VisualScripting.Core\Dependencies\DotNetZip\Unity.VisualScripting.IonicZip.dll
Native extension for WindowsStandalone target not found
Native extension for iOS target not found
Native extension for Android target not found
Refreshing native plugins compatible for Editor in 0.69 ms, found 3 plugins.
Preloading 0 native plugins for Editor in 0.00 ms.
Mono: successfully reloaded assembly
- Completed reload, in  1.087 seconds
Domain Reload Profiling:
	ReloadAssembly (1088ms)
		BeginReloadAssembly (206ms)
			ExecutionOrderSort (0ms)
			DisableScriptedObjects (5ms)
			BackupInstance (0ms)
			ReleaseScriptingObjects (0ms)
			CreateAndSetChildDomain (126ms)
		EndReloadAssembly (777ms)
			LoadAssemblies (69ms)
			RebuildTransferFunctionScriptingTraits (0ms)
			SetupTypeCache (264ms)
				TypeCache.Initialize (259ms)
					TypeCache.ScanAssembly (255ms)
				ResolveRequiredComponents (5ms)
			ReleaseScriptCaches (1ms)
			RebuildScriptCaches (50ms)
			SetupLoadedEditorAssemblies (350ms)
				LogAssemblyErrors (0ms)
				InitializePlatformSupportModulesInManaged (19ms)
				SetLoadedEditorAssemblies (7ms)
				RefreshPlugins (1ms)
				BeforeProcessingInitializeOnLoad (69ms)
				ProcessInitializeOnLoadAttributes (223ms)
				ProcessInitializeOnLoadMethodAttributes (26ms)
				AfterProcessingInitializeOnLoad (4ms)
				EditorAssembliesLoaded (0ms)
			ExecutionOrderSort2 (0ms)
			AwakeInstancesAfterBackupRestoration (5ms)
Platform modules already initialized, skipping
========================================================================
Worker process is ready to serve import requests
Launched and connected shader compiler UnityShaderCompiler.exe after 0.04 seconds
Refreshing native plugins compatible for Editor in 0.69 ms, found 3 plugins.
Preloading 0 native plugins for Editor in 0.00 ms.
Unloading 4156 Unused Serialized files (Serialized files now loaded: 0)
Unloading 30 unused Assets / (60.1 KB). Loaded Objects now: 4615.
Memory consumption went from 0.62 GB to 0.62 GB.
Total: 2.904200 ms (FindLiveObjects: 0.245700 ms CreateObjectMapping: 0.099500 ms MarkObjects: 2.470300 ms  DeleteObjects: 0.087900 ms)

AssetImportParameters requested are different than current active one (requested -> active):
  custom:video-decoder-ogg-theora: a1e56fd34408186e4bbccfd4996cb3dc -> 
  custom:container-muxer-webm: aa71ff27fc2769a1b78a27578f13a17b -> 
  custom:container-demuxer-webm: 4f35f7cbe854078d1ac9338744f61a02 -> 
  custom:video-encoder-webm-vp8: eb34c28f22e8b96e1ab97ce403110664 -> 
  custom:audio-encoder-webm-vorbis: bf7c407c2cedff20999df2af8eb42d56 -> 
  custom:framework-win-MediaFoundation: 216162199b28c13a410421893ffa2e32 -> 
  custom:container-demuxer-ogg: 62fdf1f143b41e24485cea50d1cbac27 -> 
  custom:video-decoder-webm-vp8: 9c59270c3fd7afecdb556c50c9e8de78 -> 
  custom:audio-decoder-ogg-vorbis: bf7c407c2cedff20999df2af8eb42d56 -> 
========================================================================
Received Import Request.
  Time since last request: 450940.329899 seconds.
  path: Assets/Test/AsyncAwait/CoroutineVsAsync.cs
  artifactKey: Guid(a2298c9ce22ca4043b777f37812c1962) Importer(815301076,1909f56bfc062723c751e8b465ee728b)
Start importing Assets/Test/AsyncAwait/CoroutineVsAsync.cs using Guid(a2298c9ce22ca4043b777f37812c1962) Importer(815301076,1909f56bfc062723c751e8b465ee728b)  -> (artifact id: 'aedb609a628953fa61b9ae0575d96a1f') in 0.014920 seconds 
========================================================================
Received Import Request.
  Time since last request: 11.539517 seconds.
  path: Assets/Test/AsyncAwait/Extensions.cs
  artifactKey: Guid(a3c6ebe10b1f17749b94f2f097a1def0) Importer(815301076,1909f56bfc062723c751e8b465ee728b)
Start importing Assets/Test/AsyncAwait/Extensions.cs using Guid(a3c6ebe10b1f17749b94f2f097a1def0) Importer(815301076,1909f56bfc062723c751e8b465ee728b)  -> (artifact id: 'e7127d7a38e1a536a9dc5f97ccff2a1f') in 0.005347 seconds 
========================================================================
Received Import Request.
  Time since last request: 1.559305 seconds.
  path: Assets/Test/AsyncAwait/AsyncMethods.cs
  artifactKey: Guid(011feb922eab8814e90a293ce46003a6) Importer(815301076,1909f56bfc062723c751e8b465ee728b)
Start importing Assets/Test/AsyncAwait/AsyncMethods.cs using Guid(011feb922eab8814e90a293ce46003a6) Importer(815301076,1909f56bfc062723c751e8b465ee728b)  -> (artifact id: '920048a3a741a3ebe247499da484512a') in 0.004984 seconds 
========================================================================
Received Import Request.
  Time since last request: 4.900509 seconds.
  path: Assets/Test/AsyncAwait/AsyncCustom.cs
  artifactKey: Guid(7b79a9251c74d504ea04f65e3c5ae12a) Importer(815301076,1909f56bfc062723c751e8b465ee728b)
Start importing Assets/Test/AsyncAwait/AsyncCustom.cs using Guid(7b79a9251c74d504ea04f65e3c5ae12a) Importer(815301076,1909f56bfc062723c751e8b465ee728b)  -> (artifact id: '6ebc84e6c5497d21c2496541f71dfe58') in 0.004280 seconds 
========================================================================
Received Import Request.
  Time since last request: 4.621998 seconds.
  path: Assets/Test/AsyncAwait/AsyncCancel.cs
  artifactKey: Guid(39d548ad14f772b42a82bb533805b645) Importer(815301076,1909f56bfc062723c751e8b465ee728b)
Start importing Assets/Test/AsyncAwait/AsyncCancel.cs using Guid(39d548ad14f772b42a82bb533805b645) Importer(815301076,1909f56bfc062723c751e8b465ee728b)  -> (artifact id: '129d50b43d6b443d63bed5456ccf5283') in 0.040546 seconds 
========================================================================
Received Import Request.
  Time since last request: 6.626132 seconds.
  path: Assets/Test/Zenject
  artifactKey: Guid(a018f009c27b2f74391efe3e0694d4b6) Importer(815301076,1909f56bfc062723c751e8b465ee728b)
Start importing Assets/Test/Zenject using Guid(a018f009c27b2f74391efe3e0694d4b6) Importer(815301076,1909f56bfc062723c751e8b465ee728b)  -> (artifact id: '0b9c9ceb60c304b05f7b68148fd5f487') in 0.004274 seconds 
========================================================================
Received Import Request.
  Time since last request: 2.093462 seconds.
  path: Assets/Test/Zenject/InjectSamples.cs
  artifactKey: Guid(aaa9d320f01f89f45954fde87f40599b) Importer(815301076,1909f56bfc062723c751e8b465ee728b)
Start importing Assets/Test/Zenject/InjectSamples.cs using Guid(aaa9d320f01f89f45954fde87f40599b) Importer(815301076,1909f56bfc062723c751e8b465ee728b)  -> (artifact id: '080ebed1880ef2f9d1673cbd39674caf') in 0.004835 seconds 
========================================================================
Received Import Request.
  Time since last request: 0.798047 seconds.
  path: Assets/Test/Zenject/TestInstallers.cs
  artifactKey: Guid(9bad047cb16e72b42904872b58b7f18e) Importer(815301076,1909f56bfc062723c751e8b465ee728b)
Start importing Assets/Test/Zenject/TestInstallers.cs using Guid(9bad047cb16e72b42904872b58b7f18e) Importer(815301076,1909f56bfc062723c751e8b465ee728b)  -> (artifact id: '57caecbc3f75f24d4c0ee30224e3cb64') in 0.005469 seconds 
========================================================================
Received Import Request.
  Time since last request: 2.022736 seconds.
  path: Assets/Test/ReactiveCollections
  artifactKey: Guid(f3185de437388634f80b1903fd40709e) Importer(815301076,1909f56bfc062723c751e8b465ee728b)
Start importing Assets/Test/ReactiveCollections using Guid(f3185de437388634f80b1903fd40709e) Importer(815301076,1909f56bfc062723c751e8b465ee728b)  -> (artifact id: 'f62e7cbd9fd50ac102629b08915c050a') in 0.004909 seconds 
========================================================================
Received Import Request.
  Time since last request: 7.610245 seconds.
  path: Assets/Scripts
  artifactKey: Guid(ca755a1c4ad4f98468d0d437737bfd4d) Importer(815301076,1909f56bfc062723c751e8b465ee728b)
Start importing Assets/Scripts using Guid(ca755a1c4ad4f98468d0d437737bfd4d) Importer(815301076,1909f56bfc062723c751e8b465ee728b)  -> (artifact id: '6656e208b6964f731c1a18694ea3cc07') in 0.004440 seconds 
========================================================================
Received Import Request.
  Time since last request: 12.953266 seconds.
  path: Assets/Scripts/Core
  artifactKey: Guid(687387e1a61bb1b42834bd6aeb01d52e) Importer(815301076,1909f56bfc062723c751e8b465ee728b)
Start importing Assets/Scripts/Core using Guid(687387e1a61bb1b42834bd6aeb01d52e) Importer(815301076,1909f56bfc062723c751e8b465ee728b)  -> (artifact id: 'd9c9d1361f158ea70390acd8b8264e91') in 0.006117 seconds 
========================================================================
Received Import Request.
  Time since last request: 1.615947 seconds.
  path: Assets/Scripts/Abstractions
  artifactKey: Guid(16b8f0861b216e2448e88039f82c5cb0) Importer(815301076,1909f56bfc062723c751e8b465ee728b)
Start importing Assets/Scripts/Abstractions using Guid(16b8f0861b216e2448e88039f82c5cb0) Importer(815301076,1909f56bfc062723c751e8b465ee728b)  -> (artifact id: 'f4d19ef30003d0788cb80276b63a9b7e') in 0.005143 seconds 
========================================================================
Received Import Request.
  Time since last request: 0.036336 seconds.
  path: Assets/Scripts/Abstractions/Abstractions.asmdef
  artifactKey: Guid(2728968faebc67b4f9216c44328da7f6) Importer(815301076,1909f56bfc062723c751e8b465ee728b)
Start importing Assets/Scripts/Abstractions/Abstractions.asmdef using Guid(2728968faebc67b4f9216c44328da7f6) Importer(815301076,1909f56bfc062723c751e8b465ee728b)  -> (artifact id: 'c3a863b57c85ae762a8fbc1849528f0c') in 0.003497 seconds 
========================================================================
Received Import Request.
  Time since last request: 3.331939 seconds.
  path: Assets/Scripts/Core/Core.asmdef
  artifactKey: Guid(c99fbfd7ae2dc284b96f493883a9a4c5) Importer(815301076,1909f56bfc062723c751e8b465ee728b)
Start importing Assets/Scripts/Core/Core.asmdef using Guid(c99fbfd7ae2dc284b96f493883a9a4c5) Importer(815301076,1909f56bfc062723c751e8b465ee728b)  -> (artifact id: 'c2718633f129b27bd74bd6b014fc3d12') in 0.001573 seconds 
========================================================================
Received Import Request.
  Time since last request: 7.002106 seconds.
  path: Assets/Scripts/Core/MainBuilding.cs
  artifactKey: Guid(14e01563d37a23f4e9bae517fb3e14dd) Importer(815301076,1909f56bfc062723c751e8b465ee728b)
Start importing Assets/Scripts/Core/MainBuilding.cs using Guid(14e01563d37a23f4e9bae517fb3e14dd) Importer(815301076,1909f56bfc062723c751e8b465ee728b)  -> (artifact id: '866d1c3c2694a84095ea81e60e5b8aa9') in 0.004809 seconds 
========================================================================
Received Import Request.
  Time since last request: 0.758993 seconds.
  path: Assets/Scripts/Core/MainUnit.cs
  artifactKey: Guid(52110f5923f64f9f9c56c6bf5e59c124) Importer(815301076,1909f56bfc062723c751e8b465ee728b)
Start importing Assets/Scripts/Core/MainUnit.cs using Guid(52110f5923f64f9f9c56c6bf5e59c124) Importer(815301076,1909f56bfc062723c751e8b465ee728b)  -> (artifact id: 'c6f2e72415233ed1f3e8a7e44ddf6d2f') in 0.004292 seconds 
========================================================================
Received Import Request.
  Time since last request: 8.827586 seconds.
  path: Assets/Scripts/UserControlSystem
  artifactKey: Guid(3bc0dcaf362df53429795c2642d23be5) Importer(815301076,1909f56bfc062723c751e8b465ee728b)
Start importing Assets/Scripts/UserControlSystem using Guid(3bc0dcaf362df53429795c2642d23be5) Importer(815301076,1909f56bfc062723c751e8b465ee728b)  -> (artifact id: '283af6e825d0d4b42ac04ca075c9ab14') in 0.004185 seconds 
========================================================================
Received Import Request.
  Time since last request: 0.050960 seconds.
  path: Assets/Scripts/UserControlSystem/UserControlSystem.asmdef
  artifactKey: Guid(dbfbfad5a37e3174393f973955b760ee) Importer(815301076,1909f56bfc062723c751e8b465ee728b)
Start importing Assets/Scripts/UserControlSystem/UserControlSystem.asmdef using Guid(dbfbfad5a37e3174393f973955b760ee) Importer(815301076,1909f56bfc062723c751e8b465ee728b)  -> (artifact id: '48eb420fc23f315e990774f410d782dd') in 0.001588 seconds 
========================================================================
Received Import Request.
  Time since last request: 0.847502 seconds.
  path: Assets/Scripts/UserControlSystem/CommandsRealization
  artifactKey: Guid(58f7a9a77bcf45e593e8faf2158b4f64) Importer(815301076,1909f56bfc062723c751e8b465ee728b)
Start importing Assets/Scripts/UserControlSystem/CommandsRealization using Guid(58f7a9a77bcf45e593e8faf2158b4f64) Importer(815301076,1909f56bfc062723c751e8b465ee728b)  -> (artifact id: 'f30ed72dd927066b5f0636632e6a8c88') in 0.004222 seconds 
========================================================================
Received Import Request.
  Time since last request: 1.467710 seconds.
  path: Assets/Scripts/UserControlSystem/CommandsRealization/AttackCommand.cs
  artifactKey: Guid(ff938ea3d94a42238416c666d343fe52) Importer(815301076,1909f56bfc062723c751e8b465ee728b)
Start importing Assets/Scripts/UserControlSystem/CommandsRealization/AttackCommand.cs using Guid(ff938ea3d94a42238416c666d343fe52) Importer(815301076,1909f56bfc062723c751e8b465ee728b)  -> (artifact id: 'e7a089527e167263a1a532505f09e1a5') in 0.004306 seconds 
========================================================================
Received Import Request.
  Time since last request: 1.432760 seconds.
  path: Assets/Scripts/UserControlSystem/CommandsRealization/MoveCommand.cs
  artifactKey: Guid(e4335a87a0ee4ea791a1cd54b87b6e83) Importer(815301076,1909f56bfc062723c751e8b465ee728b)
Start importing Assets/Scripts/UserControlSystem/CommandsRealization/MoveCommand.cs using Guid(e4335a87a0ee4ea791a1cd54b87b6e83) Importer(815301076,1909f56bfc062723c751e8b465ee728b)  -> (artifact id: '89eb22b14a336a8a376269f00c70d12b') in 0.004355 seconds 
========================================================================
Received Import Request.
  Time since last request: 0.521300 seconds.
  path: Assets/Scripts/UserControlSystem/CommandsRealization/PatrolCommand.cs
  artifactKey: Guid(29d83e3008c84a3ca7f099343c9f3e3d) Importer(815301076,1909f56bfc062723c751e8b465ee728b)
Start importing Assets/Scripts/UserControlSystem/CommandsRealization/PatrolCommand.cs using Guid(29d83e3008c84a3ca7f099343c9f3e3d) Importer(815301076,1909f56bfc062723c751e8b465ee728b)  -> (artifact id: '499190f102e309a0c93aff0037f32074') in 0.004324 seconds 
========================================================================
Received Import Request.
  Time since last request: 5.726616 seconds.
  path: Assets/Scripts/UserControlSystem/CommandsRealization/ProduceUnitCommand.cs
  artifactKey: Guid(0557ccd75a3a420d8dbdcfc585851f06) Importer(815301076,1909f56bfc062723c751e8b465ee728b)
Start importing Assets/Scripts/UserControlSystem/CommandsRealization/ProduceUnitCommand.cs using Guid(0557ccd75a3a420d8dbdcfc585851f06) Importer(815301076,1909f56bfc062723c751e8b465ee728b)  -> (artifact id: '9802e6e9f2d3008a25a7800e606bc753') in 0.004376 seconds 
[usbmuxd] Attached: 1 00008020-001961D83C28003A
========================================================================
Received Import Request.
  Time since last request: 49348.805590 seconds.
  path: Assets/Scripts/UserControlSystem/CommandsRealization/ProduceUnitCommandHeir.cs
  artifactKey: Guid(3f1016edad6b48e394da28354cdbd984) Importer(815301076,1909f56bfc062723c751e8b465ee728b)
Start importing Assets/Scripts/UserControlSystem/CommandsRealization/ProduceUnitCommandHeir.cs using Guid(3f1016edad6b48e394da28354cdbd984) Importer(815301076,1909f56bfc062723c751e8b465ee728b)  -> (artifact id: '69cf4321d2e51b1306767a7b43e86efb') in 0.010066 seconds 
========================================================================
Received Import Request.
  Time since last request: 0.680980 seconds.
  path: Assets/Scripts/UserControlSystem/CommandsRealization/StopCommand.cs
  artifactKey: Guid(a11b6044873c4b34a69127219fdc9d21) Importer(815301076,1909f56bfc062723c751e8b465ee728b)
Start importing Assets/Scripts/UserControlSystem/CommandsRealization/StopCommand.cs using Guid(a11b6044873c4b34a69127219fdc9d21) Importer(815301076,1909f56bfc062723c751e8b465ee728b)  -> (artifact id: 'dd3cf348f7704c82a5cd45de5349cf41') in 0.005865 seconds 
