Using pre-set license
Built from '2021.3/staging' branch; Version is '2021.3.4f1 (cb45f9cae8b7) revision 13321721'; Using compiler version '192829333'; Build Type 'Release'
OS: 'Windows 11  (10.0.22000) 64bit Professional' Language: 'ru' Physical Memory: 15743 MB
BatchMode: 1, IsHumanControllingUs: 0, StartBugReporterOnCrash: 0, Is64bit: 1, IsPro: 1

COMMAND LINE ARGUMENTS:
C:\Program Files\Unity\Hub\Editor\2021.3.4f1\Editor\Unity.exe
-adb2
-batchMode
-noUpm
-name
AssetImportWorker2
-projectPath
D:/Shcool/homework-from-the-9h-course/homework-from-the-9h-course
-logFile
Logs/AssetImportWorker2.log
-srvPort
53201
Successfully changed project path to: D:/Shcool/homework-from-the-9h-course/homework-from-the-9h-course
D:/Shcool/homework-from-the-9h-course/homework-from-the-9h-course
[UnityMemory] Configuration Parameters - Can be set up in boot.config
    "memorysetup-bucket-allocator-granularity=16"
    "memorysetup-bucket-allocator-bucket-count=8"
    "memorysetup-bucket-allocator-block-size=33554432"
    "memorysetup-bucket-allocator-block-count=8"
    "memorysetup-main-allocator-block-size=16777216"
    "memorysetup-thread-allocator-block-size=16777216"
    "memorysetup-gfx-main-allocator-block-size=16777216"
    "memorysetup-gfx-thread-allocator-block-size=16777216"
    "memorysetup-cache-allocator-block-size=4194304"
    "memorysetup-typetree-allocator-block-size=2097152"
    "memorysetup-profiler-bucket-allocator-granularity=16"
    "memorysetup-profiler-bucket-allocator-bucket-count=8"
    "memorysetup-profiler-bucket-allocator-block-size=33554432"
    "memorysetup-profiler-bucket-allocator-block-count=8"
    "memorysetup-profiler-allocator-block-size=16777216"
    "memorysetup-profiler-editor-allocator-block-size=1048576"
    "memorysetup-temp-allocator-size-main=16777216"
    "memorysetup-job-temp-allocator-block-size=2097152"
    "memorysetup-job-temp-allocator-block-size-background=1048576"
    "memorysetup-job-temp-allocator-reduction-small-platforms=262144"
    "memorysetup-temp-allocator-size-background-worker=32768"
    "memorysetup-temp-allocator-size-job-worker=262144"
    "memorysetup-temp-allocator-size-preload-manager=33554432"
    "memorysetup-temp-allocator-size-nav-mesh-worker=65536"
    "memorysetup-temp-allocator-size-audio-worker=65536"
    "memorysetup-temp-allocator-size-cloud-worker=32768"
    "memorysetup-temp-allocator-size-gi-baking-worker=262144"
    "memorysetup-temp-allocator-size-gfx=262144"
Refreshing native plugins compatible for Editor in 62.43 ms, found 3 plugins.
Preloading 0 native plugins for Editor in 0.00 ms.
Initialize engine version: 2021.3.4f1 (cb45f9cae8b7)
[Subsystems] Discovering subsystems at path C:/Program Files/Unity/Hub/Editor/2021.3.4f1/Editor/Data/Resources/UnitySubsystems
[Subsystems] Discovering subsystems at path D:/Shcool/homework-from-the-9h-course/homework-from-the-9h-course/Assets
GfxDevice: creating device client; threaded=0; jobified=0
Direct3D:
    Version:  Direct3D 11.0 [level 11.1]
    Renderer: NVIDIA GeForce GTX 1060 6GB (ID=0x1c03)
    Vendor:   NVIDIA
    VRAM:     6052 MB
    Driver:   30.0.15.1295
Initialize mono
Mono path[0] = 'C:/Program Files/Unity/Hub/Editor/2021.3.4f1/Editor/Data/Managed'
Mono path[1] = 'C:/Program Files/Unity/Hub/Editor/2021.3.4f1/Editor/Data/MonoBleedingEdge/lib/mono/unityjit-win32'
Mono config path = 'C:/Program Files/Unity/Hub/Editor/2021.3.4f1/Editor/Data/MonoBleedingEdge/etc'
Using monoOptions --debugger-agent=transport=dt_socket,embedding=1,server=y,suspend=n,address=127.0.0.1:56980
Begin MonoManager ReloadAssembly
Registering precompiled unity dll's ...
Register platform support module: C:/Program Files/Unity/Hub/Editor/2021.3.4f1/Editor/Data/PlaybackEngines/AndroidPlayer/UnityEditor.Android.Extensions.dll
Register platform support module: C:/Program Files/Unity/Hub/Editor/2021.3.4f1/Editor/Data/PlaybackEngines/iOSSupport/UnityEditor.iOS.Extensions.dll
Register platform support module: C:/Program Files/Unity/Hub/Editor/2021.3.4f1/Editor/Data/PlaybackEngines/WindowsStandaloneSupport/UnityEditor.WindowsStandalone.Extensions.dll
Registered in 0.003815 seconds.
Native extension for WindowsStandalone target not found
[usbmuxd] Start listen thread
[usbmuxd] Listen thread started
[usbmuxd] Send listen message
Native extension for iOS target not found
Native extension for Android target not found
Refreshing native plugins compatible for Editor in 58.66 ms, found 3 plugins.
Preloading 0 native plugins for Editor in 0.00 ms.
Mono: successfully reloaded assembly
- Completed reload, in  0.474 seconds
Domain Reload Profiling:
	ReloadAssembly (474ms)
		BeginReloadAssembly (53ms)
			ExecutionOrderSort (0ms)
			DisableScriptedObjects (0ms)
			BackupInstance (0ms)
			ReleaseScriptingObjects (0ms)
			CreateAndSetChildDomain (1ms)
		EndReloadAssembly (342ms)
			LoadAssemblies (52ms)
			RebuildTransferFunctionScriptingTraits (0ms)
			SetupTypeCache (73ms)
			ReleaseScriptCaches (0ms)
			RebuildScriptCaches (18ms)
			SetupLoadedEditorAssemblies (212ms)
				LogAssemblyErrors (0ms)
				InitializePlatformSupportModulesInManaged (43ms)
				SetLoadedEditorAssemblies (0ms)
				RefreshPlugins (59ms)
				BeforeProcessingInitializeOnLoad (1ms)
				ProcessInitializeOnLoadAttributes (75ms)
				ProcessInitializeOnLoadMethodAttributes (34ms)
				AfterProcessingInitializeOnLoad (0ms)
				EditorAssembliesLoaded (0ms)
			ExecutionOrderSort2 (0ms)
			AwakeInstancesAfterBackupRestoration (0ms)
Platform modules already initialized, skipping
Registering precompiled user dll's ...
Registered in 0.002359 seconds.
Begin MonoManager ReloadAssembly
Symbol file LoadedFromMemory doesn't match image D:\Shcool\homework-from-the-9h-course\homework-from-the-9h-course\Library\PackageCache\com.unity.visualscripting@1.7.8\Editor\VisualScripting.Core\Dependencies\YamlDotNet\Unity.VisualScripting.YamlDotNet.dll
Symbol file LoadedFromMemory doesn't match image D:\Shcool\homework-from-the-9h-course\homework-from-the-9h-course\Library\PackageCache\com.unity.visualscripting@1.7.8\Editor\VisualScripting.Core\Dependencies\DotNetZip\Unity.VisualScripting.IonicZip.dll
Native extension for WindowsStandalone target not found
Native extension for iOS target not found
Native extension for Android target not found
Refreshing native plugins compatible for Editor in 0.53 ms, found 3 plugins.
Preloading 0 native plugins for Editor in 0.00 ms.
Mono: successfully reloaded assembly
- Completed reload, in  0.746 seconds
Domain Reload Profiling:
	ReloadAssembly (747ms)
		BeginReloadAssembly (97ms)
			ExecutionOrderSort (0ms)
			DisableScriptedObjects (5ms)
			BackupInstance (0ms)
			ReleaseScriptingObjects (0ms)
			CreateAndSetChildDomain (15ms)
		EndReloadAssembly (557ms)
			LoadAssemblies (70ms)
			RebuildTransferFunctionScriptingTraits (0ms)
			SetupTypeCache (153ms)
			ReleaseScriptCaches (0ms)
			RebuildScriptCaches (32ms)
			SetupLoadedEditorAssemblies (285ms)
				LogAssemblyErrors (0ms)
				InitializePlatformSupportModulesInManaged (18ms)
				SetLoadedEditorAssemblies (0ms)
				RefreshPlugins (1ms)
				BeforeProcessingInitializeOnLoad (58ms)
				ProcessInitializeOnLoadAttributes (177ms)
				ProcessInitializeOnLoadMethodAttributes (25ms)
				AfterProcessingInitializeOnLoad (6ms)
				EditorAssembliesLoaded (0ms)
			ExecutionOrderSort2 (0ms)
			AwakeInstancesAfterBackupRestoration (5ms)
Platform modules already initialized, skipping
========================================================================
Worker process is ready to serve import requests
Launched and connected shader compiler UnityShaderCompiler.exe after 0.05 seconds
Refreshing native plugins compatible for Editor in 0.54 ms, found 3 plugins.
Preloading 0 native plugins for Editor in 0.00 ms.
Unloading 3301 Unused Serialized files (Serialized files now loaded: 0)
Unloading 24 unused Assets / (58.0 KB). Loaded Objects now: 3764.
Memory consumption went from 121.6 MB to 121.5 MB.
Total: 2.424100 ms (FindLiveObjects: 0.222000 ms CreateObjectMapping: 0.089000 ms MarkObjects: 2.038600 ms  DeleteObjects: 0.073200 ms)

AssetImportParameters requested are different than current active one (requested -> active):
  custom:video-decoder-ogg-theora: a1e56fd34408186e4bbccfd4996cb3dc -> 
  custom:container-muxer-webm: aa71ff27fc2769a1b78a27578f13a17b -> 
  custom:container-demuxer-webm: 4f35f7cbe854078d1ac9338744f61a02 -> 
  custom:video-encoder-webm-vp8: eb34c28f22e8b96e1ab97ce403110664 -> 
  custom:audio-encoder-webm-vorbis: bf7c407c2cedff20999df2af8eb42d56 -> 
  custom:framework-win-MediaFoundation: 216162199b28c13a410421893ffa2e32 -> 
  custom:container-demuxer-ogg: 62fdf1f143b41e24485cea50d1cbac27 -> 
  custom:video-decoder-webm-vp8: 9c59270c3fd7afecdb556c50c9e8de78 -> 
  custom:audio-decoder-ogg-vorbis: bf7c407c2cedff20999df2af8eb42d56 -> 
========================================================================
Received Import Request.
  Time since last request: 9575.948032 seconds.
  path: Assets/3D Game Kit - Character Pack/Characters/Ellen/AnimationClips/@EllenHitBackLeft.fbx
  artifactKey: Guid(d23b5a928bc7a32438c1c802c144007f) Importer(815301076,1909f56bfc062723c751e8b465ee728b)
Start importing Assets/3D Game Kit - Character Pack/Characters/Ellen/AnimationClips/@EllenHitBackLeft.fbx using Guid(d23b5a928bc7a32438c1c802c144007f) Importer(815301076,1909f56bfc062723c751e8b465ee728b)  -> (artifact id: 'e665467ccc2dde8590a41f799be21fa1') in 0.122287 seconds 
========================================================================
Received Import Request.
  Time since last request: 0.189356 seconds.
  path: Assets/3D Game Kit - Character Pack/Characters/Ellen/AnimationClips/@EllenHitFrontRight.fbx
  artifactKey: Guid(404644dc800da814b941c3e7c306379d) Importer(815301076,1909f56bfc062723c751e8b465ee728b)
Start importing Assets/3D Game Kit - Character Pack/Characters/Ellen/AnimationClips/@EllenHitFrontRight.fbx using Guid(404644dc800da814b941c3e7c306379d) Importer(815301076,1909f56bfc062723c751e8b465ee728b)  -> (artifact id: '3ac0d25139c1839f96d762bc4ca32f32') in 0.020158 seconds 
========================================================================
Received Import Request.
  Time since last request: 0.000016 seconds.
  path: Assets/3D Game Kit - Character Pack/Characters/Ellen/AnimationClips/@EllenHitRight.fbx
  artifactKey: Guid(354357235aca8884584fd41a973a3882) Importer(815301076,1909f56bfc062723c751e8b465ee728b)
Start importing Assets/3D Game Kit - Character Pack/Characters/Ellen/AnimationClips/@EllenHitRight.fbx using Guid(354357235aca8884584fd41a973a3882) Importer(815301076,1909f56bfc062723c751e8b465ee728b)  -> (artifact id: 'f90c6d7e226cb86be81a3e6e112a057f') in 0.021441 seconds 
========================================================================
Received Import Request.
  Time since last request: 0.000021 seconds.
  path: Assets/3D Game Kit - Character Pack/Characters/Ellen/AnimationClips/@EllenJump.fbx
  artifactKey: Guid(1bbe72df8c2b6af46bfbadad72175372) Importer(815301076,1909f56bfc062723c751e8b465ee728b)
Start importing Assets/3D Game Kit - Character Pack/Characters/Ellen/AnimationClips/@EllenJump.fbx using Guid(1bbe72df8c2b6af46bfbadad72175372) Importer(815301076,1909f56bfc062723c751e8b465ee728b)  -> (artifact id: '77b656688313a60a9c7db54f524206fc') in 0.024157 seconds 
========================================================================
Received Import Request.
  Time since last request: 0.432052 seconds.
  path: Assets/3D Game Kit - Character Pack/Characters/Ellen/AnimationClips/@EllenRandomIdle1.fbx
  artifactKey: Guid(e7f8d149f8d7e5242a52e530f0782e92) Importer(815301076,1909f56bfc062723c751e8b465ee728b)
Start importing Assets/3D Game Kit - Character Pack/Characters/Ellen/AnimationClips/@EllenRandomIdle1.fbx using Guid(e7f8d149f8d7e5242a52e530f0782e92) Importer(815301076,1909f56bfc062723c751e8b465ee728b)  -> (artifact id: 'db16d96f065955dd2c3b969006bba00c') in 0.020091 seconds 
========================================================================
Received Import Request.
  Time since last request: 0.010450 seconds.
  path: Assets/3D Game Kit - Character Pack/Characters/Ellen/AnimationClips/@EllenRandomIdle3.fbx
  artifactKey: Guid(6bddc2fb042e88f4190b861b198db1d4) Importer(815301076,1909f56bfc062723c751e8b465ee728b)
Start importing Assets/3D Game Kit - Character Pack/Characters/Ellen/AnimationClips/@EllenRandomIdle3.fbx using Guid(6bddc2fb042e88f4190b861b198db1d4) Importer(815301076,1909f56bfc062723c751e8b465ee728b)  -> (artifact id: 'eeef54c54716db8cd6b4df4d6364036d') in 0.020081 seconds 
========================================================================
Received Import Request.
  Time since last request: 0.000019 seconds.
  path: Assets/3D Game Kit - Character Pack/Characters/Ellen/AnimationClips/@EllenRunForwardBackwardTransition.fbx
  artifactKey: Guid(7f7de4b0c45098b4bb8c8a28c32699f1) Importer(815301076,1909f56bfc062723c751e8b465ee728b)
Start importing Assets/3D Game Kit - Character Pack/Characters/Ellen/AnimationClips/@EllenRunForwardBackwardTransition.fbx using Guid(7f7de4b0c45098b4bb8c8a28c32699f1) Importer(815301076,1909f56bfc062723c751e8b465ee728b)  -> (artifact id: 'cbab67de40e28ef99b19b7762bd527fa') in 0.021098 seconds 
========================================================================
Received Import Request.
  Time since last request: 0.007061 seconds.
  path: Assets/3D Game Kit - Character Pack/Characters/Ellen/AnimationClips/@EllenRunForwardLanding.fbx
  artifactKey: Guid(69d6fb34dcfd40d47b53a45b6666faa6) Importer(815301076,1909f56bfc062723c751e8b465ee728b)
Start importing Assets/3D Game Kit - Character Pack/Characters/Ellen/AnimationClips/@EllenRunForwardLanding.fbx using Guid(69d6fb34dcfd40d47b53a45b6666faa6) Importer(815301076,1909f56bfc062723c751e8b465ee728b)  -> (artifact id: 'b97772efd43e5dc52863f598f5fe7308') in 0.019831 seconds 
========================================================================
Received Import Request.
  Time since last request: 0.347624 seconds.
  path: Assets/3D Game Kit - Character Pack/Characters/Ellen/AnimationClips/@EllenSpawn.fbx
  artifactKey: Guid(118c1440644eccb46ba5d8a2657a9556) Importer(815301076,1909f56bfc062723c751e8b465ee728b)
Start importing Assets/3D Game Kit - Character Pack/Characters/Ellen/AnimationClips/@EllenSpawn.fbx using Guid(118c1440644eccb46ba5d8a2657a9556) Importer(815301076,1909f56bfc062723c751e8b465ee728b)  -> (artifact id: 'dc9898ee351a1fb6a71612a09da2b5e8') in 0.020241 seconds 
========================================================================
Received Import Request.
  Time since last request: 0.013095 seconds.
  path: Assets/3D Game Kit - Character Pack/Characters/Ellen/AnimationClips/@EllenStationaryToTurn90LeftRun.fbx
  artifactKey: Guid(2e6750cd6e0130946a094ddae3cec953) Importer(815301076,1909f56bfc062723c751e8b465ee728b)
Start importing Assets/3D Game Kit - Character Pack/Characters/Ellen/AnimationClips/@EllenStationaryToTurn90LeftRun.fbx using Guid(2e6750cd6e0130946a094ddae3cec953) Importer(815301076,1909f56bfc062723c751e8b465ee728b)  -> (artifact id: '2132a5c08f0bc5b2c69deaa172c7b8c0') in 0.021159 seconds 
========================================================================
Received Import Request.
  Time since last request: 0.000018 seconds.
  path: Assets/3D Game Kit - Character Pack/Characters/Ellen/AnimationClips/@EllenStationaryToTurn90RightWalk.fbx
  artifactKey: Guid(c8577a90f79f06842becdb9853f5e672) Importer(815301076,1909f56bfc062723c751e8b465ee728b)
Start importing Assets/3D Game Kit - Character Pack/Characters/Ellen/AnimationClips/@EllenStationaryToTurn90RightWalk.fbx using Guid(c8577a90f79f06842becdb9853f5e672) Importer(815301076,1909f56bfc062723c751e8b465ee728b)  -> (artifact id: '48d9c5fa65bb8f6d5695fad5aacd59db') in 0.022934 seconds 
========================================================================
Received Import Request.
  Time since last request: 0.395087 seconds.
  path: Assets/3D Game Kit - Character Pack/Characters/Ellen/AnimationClips/@EllenStationaryToTurn180RightRun.fbx
  artifactKey: Guid(f1a866e67d58e854bb2cfdd96e631327) Importer(815301076,1909f56bfc062723c751e8b465ee728b)
Start importing Assets/3D Game Kit - Character Pack/Characters/Ellen/AnimationClips/@EllenStationaryToTurn180RightRun.fbx using Guid(f1a866e67d58e854bb2cfdd96e631327) Importer(815301076,1909f56bfc062723c751e8b465ee728b)  -> (artifact id: '1c587a527a76d1f5f4c20ac0e55b305d') in 0.019997 seconds 
========================================================================
Received Import Request.
  Time since last request: 0.026286 seconds.
  path: Assets/3D Game Kit - Character Pack/Characters/Ellen/AnimationClips/@EllenStrafe90LeftWalkBackward.fbx
  artifactKey: Guid(d93ef79bfc1950e4d8c56a399ca92bbe) Importer(815301076,1909f56bfc062723c751e8b465ee728b)
Start importing Assets/3D Game Kit - Character Pack/Characters/Ellen/AnimationClips/@EllenStrafe90LeftWalkBackward.fbx using Guid(d93ef79bfc1950e4d8c56a399ca92bbe) Importer(815301076,1909f56bfc062723c751e8b465ee728b)  -> (artifact id: 'd79a5b458d86d394cbb24e7f371a4de9') in 0.021106 seconds 
========================================================================
Received Import Request.
  Time since last request: 0.000024 seconds.
  path: Assets/3D Game Kit - Character Pack/Characters/Ellen/AnimationClips/@EllenStrafeRunBackward.fbx
  artifactKey: Guid(5ca4f665304d8f24ea830ab4f469a611) Importer(815301076,1909f56bfc062723c751e8b465ee728b)
Start importing Assets/3D Game Kit - Character Pack/Characters/Ellen/AnimationClips/@EllenStrafeRunBackward.fbx using Guid(5ca4f665304d8f24ea830ab4f469a611) Importer(815301076,1909f56bfc062723c751e8b465ee728b)  -> (artifact id: '10aa3aaed4d49bf40351f63e0a2ba7d6') in 0.020948 seconds 
========================================================================
Received Import Request.
  Time since last request: 0.389656 seconds.
  path: Assets/3D Game Kit - Character Pack/Characters/Ellen/AnimationClips/@EllenStrafeWalkBackward.fbx
  artifactKey: Guid(72ccc97c139729742bbbdf4ebf0a7265) Importer(815301076,1909f56bfc062723c751e8b465ee728b)
Start importing Assets/3D Game Kit - Character Pack/Characters/Ellen/AnimationClips/@EllenStrafeWalkBackward.fbx using Guid(72ccc97c139729742bbbdf4ebf0a7265) Importer(815301076,1909f56bfc062723c751e8b465ee728b)  -> (artifact id: '9e9446f62f3132af96bfc6582637bc9d') in 0.019336 seconds 
========================================================================
Received Import Request.
  Time since last request: 0.000016 seconds.
  path: Assets/3D Game Kit - Character Pack/Characters/Ellen/AnimationClips/@EllenTurnOnSpotLeft135.fbx
  artifactKey: Guid(227c9e01d15b49745a0661cb18825f2f) Importer(815301076,1909f56bfc062723c751e8b465ee728b)
Start importing Assets/3D Game Kit - Character Pack/Characters/Ellen/AnimationClips/@EllenTurnOnSpotLeft135.fbx using Guid(227c9e01d15b49745a0661cb18825f2f) Importer(815301076,1909f56bfc062723c751e8b465ee728b)  -> (artifact id: '093eeaf7522c7c98bf93f264ae9cd6fb') in 0.023279 seconds 
========================================================================
Received Import Request.
  Time since last request: 0.000022 seconds.
  path: Assets/3D Game Kit - Character Pack/Characters/Ellen/AnimationClips/@EllenTurnOnSpotRight135.fbx
  artifactKey: Guid(c5164fe4906b93a41944c80c94a7cdb0) Importer(815301076,1909f56bfc062723c751e8b465ee728b)
Start importing Assets/3D Game Kit - Character Pack/Characters/Ellen/AnimationClips/@EllenTurnOnSpotRight135.fbx using Guid(c5164fe4906b93a41944c80c94a7cdb0) Importer(815301076,1909f56bfc062723c751e8b465ee728b)  -> (artifact id: '4578db77014c81ad811364c65653e614') in 0.023755 seconds 
========================================================================
Received Import Request.
  Time since last request: 0.000027 seconds.
  path: Assets/3D Game Kit - Character Pack/Characters/Ellen/AnimationClips/@EllenTurnOnSpotRight180.fbx
  artifactKey: Guid(e1cce0de453816e4282371b40dc4f5e9) Importer(815301076,1909f56bfc062723c751e8b465ee728b)
Start importing Assets/3D Game Kit - Character Pack/Characters/Ellen/AnimationClips/@EllenTurnOnSpotRight180.fbx using Guid(e1cce0de453816e4282371b40dc4f5e9) Importer(815301076,1909f56bfc062723c751e8b465ee728b)  -> (artifact id: '4c1ef13a431b9cfe0d60548629c2adbf') in 0.022968 seconds 
========================================================================
Received Import Request.
  Time since last request: 0.202419 seconds.
  path: Assets/3D Game Kit - Character Pack/Characters/Ellen/AnimationClips/@EllenWalkForward.fbx
  artifactKey: Guid(9d703e84815204b499c34db7f9ec5cd9) Importer(815301076,1909f56bfc062723c751e8b465ee728b)
Start importing Assets/3D Game Kit - Character Pack/Characters/Ellen/AnimationClips/@EllenWalkForward.fbx using Guid(9d703e84815204b499c34db7f9ec5cd9) Importer(815301076,1909f56bfc062723c751e8b465ee728b)  -> (artifact id: 'ee4b400f476082e821871b0caa5b339e') in 0.023415 seconds 
========================================================================
Received Import Request.
  Time since last request: 0.006091 seconds.
  path: Assets/3D Game Kit - Character Pack/Characters/Grenadier/AnimationClips/@GrenadierHit.fbx
  artifactKey: Guid(3a952dcd8933c2d4589a3690915d27af) Importer(815301076,1909f56bfc062723c751e8b465ee728b)
Start importing Assets/3D Game Kit - Character Pack/Characters/Grenadier/AnimationClips/@GrenadierHit.fbx using Guid(3a952dcd8933c2d4589a3690915d27af) Importer(815301076,1909f56bfc062723c751e8b465ee728b)  -> (artifact id: 'bde432fa0ebc0cf5e9e2fbdcc51dce80') in 0.022711 seconds 
========================================================================
Received Import Request.
  Time since last request: 0.000021 seconds.
  path: Assets/3D Game Kit - Character Pack/Characters/Grenadier/AnimationClips/@GrenadierRangeAttack2.fbx
  artifactKey: Guid(42d45a034df71fb41a5305221fa40bb5) Importer(815301076,1909f56bfc062723c751e8b465ee728b)
Start importing Assets/3D Game Kit - Character Pack/Characters/Grenadier/AnimationClips/@GrenadierRangeAttack2.fbx using Guid(42d45a034df71fb41a5305221fa40bb5) Importer(815301076,1909f56bfc062723c751e8b465ee728b)  -> (artifact id: 'a98737ad50eeba4a2e7ffde1f7eb1f08') in 0.023447 seconds 
========================================================================
Received Prepare
Registering precompiled user dll's ...
Registered in 0.002282 seconds.
Begin MonoManager ReloadAssembly
Symbol file LoadedFromMemory doesn't match image D:\Shcool\homework-from-the-9h-course\homework-from-the-9h-course\Library\PackageCache\com.unity.visualscripting@1.7.8\Editor\VisualScripting.Core\Dependencies\YamlDotNet\Unity.VisualScripting.YamlDotNet.dll
Symbol file LoadedFromMemory doesn't match image D:\Shcool\homework-from-the-9h-course\homework-from-the-9h-course\Library\PackageCache\com.unity.visualscripting@1.7.8\Editor\VisualScripting.Core\Dependencies\DotNetZip\Unity.VisualScripting.IonicZip.dll
Native extension for WindowsStandalone target not found
Native extension for iOS target not found
Native extension for Android target not found
Refreshing native plugins compatible for Editor in 0.56 ms, found 3 plugins.
Preloading 0 native plugins for Editor in 0.00 ms.
Mono: successfully reloaded assembly
- Completed reload, in  0.797 seconds
Domain Reload Profiling:
	ReloadAssembly (798ms)
		BeginReloadAssembly (106ms)
			ExecutionOrderSort (0ms)
			DisableScriptedObjects (4ms)
			BackupInstance (0ms)
			ReleaseScriptingObjects (0ms)
			CreateAndSetChildDomain (37ms)
		EndReloadAssembly (618ms)
			LoadAssemblies (58ms)
			RebuildTransferFunctionScriptingTraits (0ms)
			SetupTypeCache (192ms)
			ReleaseScriptCaches (1ms)
			RebuildScriptCaches (28ms)
			SetupLoadedEditorAssemblies (301ms)
				LogAssemblyErrors (0ms)
				InitializePlatformSupportModulesInManaged (29ms)
				SetLoadedEditorAssemblies (0ms)
				RefreshPlugins (1ms)
				BeforeProcessingInitializeOnLoad (53ms)
				ProcessInitializeOnLoadAttributes (182ms)
				ProcessInitializeOnLoadMethodAttributes (29ms)
				AfterProcessingInitializeOnLoad (6ms)
				EditorAssembliesLoaded (0ms)
			ExecutionOrderSort2 (0ms)
			AwakeInstancesAfterBackupRestoration (7ms)
Platform modules already initialized, skipping
Refreshing native plugins compatible for Editor in 1.35 ms, found 3 plugins.
Preloading 0 native plugins for Editor in 0.00 ms.
Unloading 3269 Unused Serialized files (Serialized files now loaded: 0)
Unloading 17 unused Assets / (24.7 KB). Loaded Objects now: 3777.
Memory consumption went from 123.8 MB to 123.8 MB.
Total: 2.459200 ms (FindLiveObjects: 0.201400 ms CreateObjectMapping: 0.076900 ms MarkObjects: 2.164600 ms  DeleteObjects: 0.015500 ms)

AssetImportParameters requested are different than current active one (requested -> active):
  custom:video-decoder-ogg-theora: a1e56fd34408186e4bbccfd4996cb3dc -> 
  custom:container-muxer-webm: aa71ff27fc2769a1b78a27578f13a17b -> 
  custom:container-demuxer-webm: 4f35f7cbe854078d1ac9338744f61a02 -> 
  custom:video-encoder-webm-vp8: eb34c28f22e8b96e1ab97ce403110664 -> 
  custom:audio-encoder-webm-vorbis: bf7c407c2cedff20999df2af8eb42d56 -> 
  custom:framework-win-MediaFoundation: 216162199b28c13a410421893ffa2e32 -> 
  custom:container-demuxer-ogg: 62fdf1f143b41e24485cea50d1cbac27 -> 
  custom:video-decoder-webm-vp8: 9c59270c3fd7afecdb556c50c9e8de78 -> 
  custom:audio-decoder-ogg-vorbis: bf7c407c2cedff20999df2af8eb42d56 -> 
Editor requested this worker to shutdown with reason: Scaling down because of idle timeout
AssetImportWorker is now disconnected from the server
Process exiting
Exiting without the bug reporter. Application will terminate with return code 0